<?xml version="1.0" encoding="UTF-8"?>
<!-- Generated by org.testng.reporters.JUnitReportReporter -->
<testsuite hostname="DESKTOP-A1BAMDI" failures="0" tests="1" name="wep_pages_test.CartTest" time="0.021" errors="0" timestamp="2023-12-16T10:31:07 EET" skipped="0">
  <testcase classname="wep_pages_test.CartTest" name="checkOut" time="0.021"/>
</testsuite> <!-- wep_pages_test.CartTest -->
