<?xml version="1.0" encoding="UTF-8"?>
<!-- Generated by org.testng.reporters.JUnitReportReporter -->
<testsuite hostname="DESKTOP-A1BAMDI" failures="0" tests="1" name="wep_pages_test.ProductTest" time="19.736" errors="0" timestamp="2024-01-03T23:57:38 EET" skipped="0">
  <testcase classname="wep_pages_test.ProductTest" name="addProductToCart" time="19.736"/>
</testsuite> <!-- wep_pages_test.ProductTest -->
